<?xml version="1.0" encoding="UTF-8"?>
<!-- Generated by org.testng.reporters.JUnitReportReporter -->
<testsuite hostname="QA_Sachin_Kujur" failures="0" tests="2" name="suite1.OpenCartTests" time="12.180" errors="0" timestamp="2022-08-19T17:22:59 IST" skipped="0">
  <testcase classname="suite1.OpenCartTests" name="searchForProduct" time="1.521"/>
  <system-out/>
  <testcase classname="suite1.OpenCartTests" name="launchSite" time="10.659"/>
  <system-out/>
</testsuite> <!-- suite1.OpenCartTests -->
