<?xml version="1.0" encoding="UTF-8"?>
<!-- Generated by org.testng.reporters.JUnitReportReporter -->
<testsuite hostname="QA_Sachin_Kujur" failures="0" tests="2" name="Training.FirstSeleniumJavaTest" time="38.387" errors="0" timestamp="2022-08-16T11:30:53 IST" skipped="0">
  <testcase classname="Training.FirstSeleniumJavaTest" name="testEasy" time="35.967"/>
  <system-out/>
  <testcase classname="Training.FirstSeleniumJavaTest" name="testTwo" time="2.420"/>
  <system-out/>
</testsuite> <!-- Training.FirstSeleniumJavaTest -->
